0 silly argv {
0 silly argv   _: [ 'version' ],
0 silly argv   'conventional-commits': true,
0 silly argv   conventionalCommits: true,
0 silly argv   'changelog-entry-additional-markdown': '### Some title\\n\\nSome *paragraph*',
0 silly argv   changelogEntryAdditionalMarkdown: '### Some title\\n\\nSome *paragraph*',
0 silly argv   lernaVersion: '8.1.3',
0 silly argv   '$0': '/Users/shayanheidary/.npm/_npx/d5cad42883f80c04/node_modules/.bin/lerna'
0 silly argv }
1 notice cli v8.1.3
2 verbose packageConfigs Package manager "pnpm" detected. Resolving packages using `pnpm-workspace.yaml`.
3 verbose rootPath /Users/shayanheidary/git/mono/shayan
4 info current version 5.1.0
5 silly isAnythingCommitted
6 verbose isAnythingCommitted 1
7 silly getCurrentBranch
8 verbose currentBranch main
9 silly remoteBranchExists
10 silly isBehindUpstream
11 silly isBehindUpstream main is behind origin/main by 0 commit(s) and ahead by 1
12 silly hasTags
13 verbose hasTags true
14 silly git-describe.sync "v5.1.0-1-g6eb440f" => {"lastTagName":"v5.1.0","lastVersion":"v5.1.0","refCount":"1","sha":"6eb440f","isDirty":false}
15 info Looking for changed packages since v5.1.0
16 silly checking diff packages/package-a
17 silly no diff found in @shayan/package-a
18 silly checking diff packages/package-b
19 silly found diff in packages/package-b/svg/image-b.svg
20 verbose filtered diff [ 'packages/package-b/svg/image-b.svg' ]
21 silly checking diff packages/package-c
22 silly no diff found in @shayan/package-c
23 verbose updated @shayan/package-b
24 verbose git-describe undefined => "v5.1.0-1-g6eb440f"
25 silly git-describe parsed => {"lastTagName":"v5.1.0","lastVersion":"v5.1.0","refCount":"1","sha":"6eb440f","isDirty":false}
26 verbose version Overriding version of @shayan/package-b from 5.0.0 to 5.1.0
27 silly fixed for @shayan/package-b at /Users/shayanheidary/git/mono/shayan/packages/package-b
28 error Error: Invalid tag name "@shayan": Tags may not have any characters that encodeURIComponent encodes.
28 error     at invalidTagName (/Users/shayanheidary/.npm/_npx/d5cad42883f80c04/node_modules/npm-package-arg/npa.js:94:15)
28 error     at fromRegistry (/Users/shayanheidary/.npm/_npx/d5cad42883f80c04/node_modules/npm-package-arg/npa.js:299:13)
28 error     at resolve (/Users/shayanheidary/.npm/_npx/d5cad42883f80c04/node_modules/npm-package-arg/npa.js:84:12)
28 error     at npa (/Users/shayanheidary/.npm/_npx/d5cad42883f80c04/node_modules/npm-package-arg/npa.js:55:10)
28 error     at getChangelogConfig (/Users/shayanheidary/.npm/_npx/d5cad42883f80c04/node_modules/lerna/dist/index.js:1926:56)
28 error     at /Users/shayanheidary/.npm/_npx/d5cad42883f80c04/node_modules/lerna/dist/index.js:2011:28
